
============================================================
[CPU] correctness for top_level_seq.c
============================================================
Running HLS top_level function...
Comparing results...
SUCCESS: The results match the golden reference!

============================================================
[CPU] correctness for top_level_sa.c
============================================================
Running HLS top_level function...
Comparing results...
SUCCESS: The results match the golden reference!

============================================================
[BAMBU] cycles (seq)
============================================================
seq cycles: 24356

============================================================
[BAMBU] cycles (sa)
============================================================
sa cycles: 18452

==================== SUMMARY ====================
seq cycles: 24356
 sa cycles: 18452
=================================================
Logs:
  Bambu_outputs/seq/n1/bambu_seq_n1.log
  Bambu_outputs/sa/n1/bambu_sa_n1.log
Bambu outputs:
  Bambu_outputs/seq/n1
  Bambu_outputs/sa/n1

============================================================
[CPU] correctness for top_level_seq.c
============================================================
Running HLS top_level function...
Comparing results...
SUCCESS: The results match the golden reference!

============================================================
[CPU] correctness for top_level_sa.c
============================================================
Running HLS top_level function...
Comparing results...
SUCCESS: The results match the golden reference!

============================================================
[BAMBU] cycles (seq)
============================================================
seq cycles: 17636

============================================================
[BAMBU] cycles (sa)
============================================================
sa cycles: 10556

==================== SUMMARY ====================
seq cycles: 17636
 sa cycles: 10556
=================================================
Logs:
  Bambu_outputs/seq/n2/bambu_seq_n2.log
  Bambu_outputs/sa/n2/bambu_sa_n2.log
Bambu outputs:
  Bambu_outputs/seq/n2
  Bambu_outputs/sa/n2

============================================================
[CPU] correctness for top_level_seq.c
============================================================
Running HLS top_level function...
Comparing results...
SUCCESS: The results match the golden reference!

============================================================
[CPU] correctness for top_level_sa.c
============================================================
Running HLS top_level function...
Comparing results...
SUCCESS: The results match the golden reference!

============================================================
[BAMBU] cycles (seq)
============================================================
seq cycles: 13604

============================================================
[BAMBU] cycles (sa)
============================================================
sa cycles: 6692

==================== SUMMARY ====================
seq cycles: 13604
 sa cycles: 6692
=================================================
Logs:
  Bambu_outputs/seq/n4/bambu_seq_n4.log
  Bambu_outputs/sa/n4/bambu_sa_n4.log
Bambu outputs:
  Bambu_outputs/seq/n4
  Bambu_outputs/sa/n4

============================================================
[CPU] correctness for top_level_seq.c
============================================================
Running HLS top_level function...
Comparing results...
SUCCESS: The results match the golden reference!

============================================================
[CPU] correctness for top_level_sa.c
============================================================
Running HLS top_level function...
Comparing results...
SUCCESS: The results match the golden reference!

============================================================
[BAMBU] cycles (seq)
============================================================
seq cycles: 11876

============================================================
[BAMBU] cycles (sa)
============================================================
sa cycles: 5012

==================== SUMMARY ====================
seq cycles: 11876
 sa cycles: 5012
=================================================
Logs:
  Bambu_outputs/seq/n8/bambu_seq_n8.log
  Bambu_outputs/sa/n8/bambu_sa_n8.log
Bambu outputs:
  Bambu_outputs/seq/n8
  Bambu_outputs/sa/n8

============================================================
[CPU] correctness for top_level_seq.c
============================================================
Running HLS top_level function...
Comparing results...
SUCCESS: The results match the golden reference!

============================================================
[CPU] correctness for top_level_sa.c
============================================================
Running HLS top_level function...
Comparing results...
SUCCESS: The results match the golden reference!

============================================================
[BAMBU] cycles (seq)
============================================================
seq cycles: 11876

============================================================
[BAMBU] cycles (sa)
============================================================
sa cycles: 4340

==================== SUMMARY ====================
seq cycles: 11876
 sa cycles: 4340
=================================================
Logs:
  Bambu_outputs/seq/n16/bambu_seq_n16.log
  Bambu_outputs/sa/n16/bambu_sa_n16.log
Bambu outputs:
  Bambu_outputs/seq/n16
  Bambu_outputs/sa/n16

============================================================
[CPU] correctness for top_level_seq.c
============================================================
Running HLS top_level function...
Comparing results...
SUCCESS: The results match the golden reference!

============================================================
[CPU] correctness for top_level_sa.c
============================================================
Running HLS top_level function...
Comparing results...
SUCCESS: The results match the golden reference!

============================================================
[BAMBU] cycles (seq)
============================================================
seq cycles: 11396

============================================================
[BAMBU] cycles (sa)
============================================================
sa cycles: 4172

==================== SUMMARY ====================
seq cycles: 11396
 sa cycles: 4172
=================================================
Logs:
  Bambu_outputs/seq/n32/bambu_seq_n32.log
  Bambu_outputs/sa/n32/bambu_sa_n32.log
Bambu outputs:
  Bambu_outputs/seq/n32
  Bambu_outputs/sa/n32

============================================================
[CPU] correctness for top_level_seq.c
============================================================
Running HLS top_level function...
Comparing results...
SUCCESS: The results match the golden reference!

============================================================
[CPU] correctness for top_level_sa.c
============================================================
Running HLS top_level function...
Comparing results...
SUCCESS: The results match the golden reference!

============================================================
[BAMBU] cycles (seq)
============================================================
seq cycles: 11396

============================================================
[BAMBU] cycles (sa)
============================================================
sa cycles: 4148

==================== SUMMARY ====================
seq cycles: 11396
 sa cycles: 4148
=================================================
Logs:
  Bambu_outputs/seq/n64/bambu_seq_n64.log
  Bambu_outputs/sa/n64/bambu_sa_n64.log
Bambu outputs:
  Bambu_outputs/seq/n64
  Bambu_outputs/sa/n64
